[2023-06-28 21:12:31,017] {manager.py:517} INFO - Processing files using up to 1 processes at a time 
[2023-06-28 21:12:31,017] {manager.py:518} INFO - Process each file at most once every 30 seconds
[2023-06-28 21:12:31,017] {manager.py:520} INFO - Checking for new files in /home/airflowclinicos/airflow/dags every 300 seconds
[2023-06-28 21:12:31,017] {manager.py:704} INFO - Searching for files in /home/airflowclinicos/airflow/dags
[2023-06-28 21:12:31,045] {manager.py:707} INFO - There are 32 files in /home/airflowclinicos/airflow/dags
[2023-06-28 21:12:31,132] {manager.py:1106} INFO - Finding 'running' jobs without a recent heartbeat
[2023-06-28 21:12:31,145] {manager.py:1110} INFO - Failing jobs without heartbeat after 2023-06-28 21:07:31.145087+00:00
[2023-06-28 21:12:31,287] {manager.py:825} INFO - 
================================================================================
DAG File Processing Stats

File Path                                                                                                                 PID    Runtime      # DAGs    # Errors  Last Runtime    Last Run
------------------------------------------------------------------------------------------------------------------------  -----  ---------  --------  ----------  --------------  -------------------
/home/airflowclinicos/.local/lib/python3.6/site-packages/airflow/example_dags/example_branch_labels.py                                             0           0
/home/airflowclinicos/.local/lib/python3.6/site-packages/airflow/example_dags/example_time_delta_sensor_async.py                                   0           0
/home/airflowclinicos/.local/lib/python3.6/site-packages/airflow/example_dags/example_branch_python_dop_operator_3.py                              0           0
/home/airflowclinicos/.local/lib/python3.6/site-packages/airflow/example_dags/example_dag_decorator.py                                             0           0
/home/airflowclinicos/.local/lib/python3.6/site-packages/airflow/example_dags/example_kubernetes_executor.py                                       0           0
/home/airflowclinicos/.local/lib/python3.6/site-packages/airflow/example_dags/example_python_operator.py                                           0           0
/home/airflowclinicos/.local/lib/python3.6/site-packages/airflow/example_dags/example_bash_operator.py                                             0           0
/home/airflowclinicos/.local/lib/python3.6/site-packages/airflow/example_dags/example_latest_only_with_trigger.py                                  0           0
/home/airflowclinicos/.local/lib/python3.6/site-packages/airflow/example_dags/example_passing_params_via_test_command.py                           0           0
/home/airflowclinicos/.local/lib/python3.6/site-packages/airflow/example_dags/example_complex.py                                                   0           0
/home/airflowclinicos/.local/lib/python3.6/site-packages/airflow/example_dags/tutorial.py                                                          0           0
/home/airflowclinicos/.local/lib/python3.6/site-packages/airflow/example_dags/example_nested_branch_dag.py                                         0           0
/home/airflowclinicos/.local/lib/python3.6/site-packages/airflow/example_dags/example_xcom.py                                                      0           0
/home/airflowclinicos/.local/lib/python3.6/site-packages/airflow/example_dags/example_xcomargs.py                                                  0           0
/home/airflowclinicos/.local/lib/python3.6/site-packages/airflow/example_dags/example_external_task_marker_dag.py                                  0           0
/home/airflowclinicos/.local/lib/python3.6/site-packages/airflow/example_dags/example_latest_only.py                                               0           0
/home/airflowclinicos/.local/lib/python3.6/site-packages/airflow/example_dags/tutorial_taskflow_api_etl.py                                         0           0
/home/airflowclinicos/.local/lib/python3.6/site-packages/airflow/example_dags/example_branch_day_of_week_operator.py                               0           0
/home/airflowclinicos/.local/lib/python3.6/site-packages/airflow/example_dags/example_task_group_decorator.py                                      0           0
/home/airflowclinicos/.local/lib/python3.6/site-packages/airflow/example_dags/example_sla_dag.py                                                   0           0
/home/airflowclinicos/.local/lib/python3.6/site-packages/airflow/example_dags/example_task_group.py                                                0           0
/home/airflowclinicos/.local/lib/python3.6/site-packages/airflow/example_dags/example_short_circuit_operator.py                                    0           0
/home/airflowclinicos/.local/lib/python3.6/site-packages/airflow/example_dags/example_trigger_controller_dag.py                                    0           0
/home/airflowclinicos/.local/lib/python3.6/site-packages/airflow/example_dags/example_subdag_operator.py                                           0           0
/home/airflowclinicos/.local/lib/python3.6/site-packages/airflow/example_dags/example_branch_datetime_operator.py                                  0           0
/home/airflowclinicos/.local/lib/python3.6/site-packages/airflow/example_dags/example_branch_operator.py                                           0           0
/home/airflowclinicos/.local/lib/python3.6/site-packages/airflow/example_dags/tutorial_taskflow_api_etl_virtualenv.py                              0           0
/home/airflowclinicos/.local/lib/python3.6/site-packages/airflow/example_dags/tutorial_etl_dag.py                                                  0           0
/home/airflowclinicos/.local/lib/python3.6/site-packages/airflow/example_dags/example_skip_dag.py                                                  0           0
/home/airflowclinicos/.local/lib/python3.6/site-packages/airflow/example_dags/plugins/workday.py                                                   0           0
/home/airflowclinicos/.local/lib/python3.6/site-packages/airflow/example_dags/subdags/subdag.py                                                    0           0
/home/airflowclinicos/.local/lib/python3.6/site-packages/airflow/example_dags/example_trigger_target_dag.py                                        1           0  0.11s           2023-06-28T21:12:31
================================================================================
[2023-06-28 21:12:41,295] {manager.py:1106} INFO - Finding 'running' jobs without a recent heartbeat
[2023-06-28 21:12:41,295] {manager.py:1110} INFO - Failing jobs without heartbeat after 2023-06-28 21:07:41.295416+00:00
[2023-06-28 21:12:51,625] {manager.py:1106} INFO - Finding 'running' jobs without a recent heartbeat
[2023-06-28 21:12:51,625] {manager.py:1110} INFO - Failing jobs without heartbeat after 2023-06-28 21:07:51.625958+00:00
[2023-06-28 21:13:01,359] {manager.py:825} INFO - 
================================================================================
DAG File Processing Stats

File Path                                                                                                                 PID    Runtime      # DAGs    # Errors  Last Runtime    Last Run
------------------------------------------------------------------------------------------------------------------------  -----  ---------  --------  ----------  --------------  -------------------
/home/airflowclinicos/.local/lib/python3.6/site-packages/airflow/example_dags/example_kubernetes_executor.py                                       0           0  0.22s           2023-06-28T21:12:44
/home/airflowclinicos/.local/lib/python3.6/site-packages/airflow/example_dags/example_bash_operator.py                                             0           0
/home/airflowclinicos/.local/lib/python3.6/site-packages/airflow/example_dags/example_branch_day_of_week_operator.py                               0           0
/home/airflowclinicos/.local/lib/python3.6/site-packages/airflow/example_dags/example_branch_datetime_operator.py                                  0           0
/home/airflowclinicos/.local/lib/python3.6/site-packages/airflow/example_dags/tutorial_taskflow_api_etl_virtualenv.py                              0           0  0.10s           2023-06-28T21:12:37
/home/airflowclinicos/.local/lib/python3.6/site-packages/airflow/example_dags/plugins/workday.py                                                   0           0  0.10s           2023-06-28T21:12:39
/home/airflowclinicos/.local/lib/python3.6/site-packages/airflow/example_dags/subdags/subdag.py                                                    0           0  0.10s           2023-06-28T21:12:40
/home/airflowclinicos/.local/lib/python3.6/site-packages/airflow/example_dags/example_trigger_target_dag.py                                        1           0  0.11s           2023-06-28T21:12:31
/home/airflowclinicos/.local/lib/python3.6/site-packages/airflow/example_dags/example_branch_labels.py                                             1           0  0.20s           2023-06-28T21:13:01
/home/airflowclinicos/.local/lib/python3.6/site-packages/airflow/example_dags/example_time_delta_sensor_async.py                                   1           0  0.10s           2023-06-28T21:12:41
/home/airflowclinicos/.local/lib/python3.6/site-packages/airflow/example_dags/example_branch_python_dop_operator_3.py                              1           0  0.10s           2023-06-28T21:12:42
/home/airflowclinicos/.local/lib/python3.6/site-packages/airflow/example_dags/example_dag_decorator.py                                             1           0  0.10s           2023-06-28T21:12:43
/home/airflowclinicos/.local/lib/python3.6/site-packages/airflow/example_dags/example_python_operator.py                                           1           0  0.10s           2023-06-28T21:12:46
/home/airflowclinicos/.local/lib/python3.6/site-packages/airflow/example_dags/example_latest_only_with_trigger.py                                  1           0  0.10s           2023-06-28T21:12:46
/home/airflowclinicos/.local/lib/python3.6/site-packages/airflow/example_dags/example_passing_params_via_test_command.py                           1           0  0.10s           2023-06-28T21:12:47
/home/airflowclinicos/.local/lib/python3.6/site-packages/airflow/example_dags/example_complex.py                                                   1           0  0.10s           2023-06-28T21:12:48
/home/airflowclinicos/.local/lib/python3.6/site-packages/airflow/example_dags/tutorial.py                                                          1           0  0.20s           2023-06-28T21:12:32
/home/airflowclinicos/.local/lib/python3.6/site-packages/airflow/example_dags/example_nested_branch_dag.py                                         1           0  0.20s           2023-06-28T21:12:50
/home/airflowclinicos/.local/lib/python3.6/site-packages/airflow/example_dags/example_xcom.py                                                      1           0  0.20s           2023-06-28T21:12:33
/home/airflowclinicos/.local/lib/python3.6/site-packages/airflow/example_dags/example_latest_only.py                                               1           0  0.11s           2023-06-28T21:12:51
/home/airflowclinicos/.local/lib/python3.6/site-packages/airflow/example_dags/tutorial_taskflow_api_etl.py                                         1           0  0.20s           2023-06-28T21:12:36
/home/airflowclinicos/.local/lib/python3.6/site-packages/airflow/example_dags/example_task_group_decorator.py                                      1           0  0.11s           2023-06-28T21:12:52
/home/airflowclinicos/.local/lib/python3.6/site-packages/airflow/example_dags/example_sla_dag.py                                                   1           0  0.31s           2023-06-28T21:12:54
/home/airflowclinicos/.local/lib/python3.6/site-packages/airflow/example_dags/example_task_group.py                                                1           0  0.20s           2023-06-28T21:12:55
/home/airflowclinicos/.local/lib/python3.6/site-packages/airflow/example_dags/example_short_circuit_operator.py                                    1           0  0.11s           2023-06-28T21:12:56
/home/airflowclinicos/.local/lib/python3.6/site-packages/airflow/example_dags/example_trigger_controller_dag.py                                    1           0  0.11s           2023-06-28T21:12:56
/home/airflowclinicos/.local/lib/python3.6/site-packages/airflow/example_dags/example_branch_operator.py                                           1           0  0.10s           2023-06-28T21:12:59
/home/airflowclinicos/.local/lib/python3.6/site-packages/airflow/example_dags/tutorial_etl_dag.py                                                  1           0  0.10s           2023-06-28T21:12:38
/home/airflowclinicos/.local/lib/python3.6/site-packages/airflow/example_dags/example_skip_dag.py                                                  1           0  0.10s           2023-06-28T21:13:00
/home/airflowclinicos/.local/lib/python3.6/site-packages/airflow/example_dags/example_xcomargs.py                                                  2           0  0.20s           2023-06-28T21:12:35
/home/airflowclinicos/.local/lib/python3.6/site-packages/airflow/example_dags/example_external_task_marker_dag.py                                  2           0  0.10s           2023-06-28T21:12:51
/home/airflowclinicos/.local/lib/python3.6/site-packages/airflow/example_dags/example_subdag_operator.py                                           3           0  0.20s           2023-06-28T21:12:58
================================================================================
[2023-06-28 21:13:01,981] {manager.py:1106} INFO - Finding 'running' jobs without a recent heartbeat
[2023-06-28 21:13:01,981] {manager.py:1110} INFO - Failing jobs without heartbeat after 2023-06-28 21:08:01.981899+00:00
[2023-06-28 21:13:12,732] {manager.py:1106} INFO - Finding 'running' jobs without a recent heartbeat
[2023-06-28 21:13:12,733] {manager.py:1110} INFO - Failing jobs without heartbeat after 2023-06-28 21:08:12.733186+00:00
[2023-06-28 21:13:23,126] {manager.py:1106} INFO - Finding 'running' jobs without a recent heartbeat
[2023-06-28 21:13:23,126] {manager.py:1110} INFO - Failing jobs without heartbeat after 2023-06-28 21:08:23.126750+00:00
[2023-06-28 21:13:31,770] {manager.py:825} INFO - 
================================================================================
DAG File Processing Stats

File Path                                                                                                                 PID    Runtime      # DAGs    # Errors  Last Runtime    Last Run
------------------------------------------------------------------------------------------------------------------------  -----  ---------  --------  ----------  --------------  -------------------
/home/airflowclinicos/.local/lib/python3.6/site-packages/airflow/example_dags/example_kubernetes_executor.py                                       0           0  0.10s           2023-06-28T21:13:19
/home/airflowclinicos/.local/lib/python3.6/site-packages/airflow/example_dags/tutorial_taskflow_api_etl_virtualenv.py                              0           0  0.10s           2023-06-28T21:13:11
/home/airflowclinicos/.local/lib/python3.6/site-packages/airflow/example_dags/plugins/workday.py                                                   0           0  0.10s           2023-06-28T21:13:14
/home/airflowclinicos/.local/lib/python3.6/site-packages/airflow/example_dags/subdags/subdag.py                                                    0           0  0.10s           2023-06-28T21:13:15
/home/airflowclinicos/.local/lib/python3.6/site-packages/airflow/example_dags/example_trigger_target_dag.py                                        1           0  0.10s           2023-06-28T21:13:05
/home/airflowclinicos/.local/lib/python3.6/site-packages/airflow/example_dags/example_branch_labels.py                                             1           0  0.20s           2023-06-28T21:13:01
/home/airflowclinicos/.local/lib/python3.6/site-packages/airflow/example_dags/example_time_delta_sensor_async.py                                   1           0  0.10s           2023-06-28T21:13:16
/home/airflowclinicos/.local/lib/python3.6/site-packages/airflow/example_dags/example_branch_python_dop_operator_3.py                              1           0  0.20s           2023-06-28T21:13:16
/home/airflowclinicos/.local/lib/python3.6/site-packages/airflow/example_dags/example_dag_decorator.py                                             1           0  0.40s           2023-06-28T21:13:18
/home/airflowclinicos/.local/lib/python3.6/site-packages/airflow/example_dags/example_python_operator.py                                           1           0  0.11s           2023-06-28T21:13:20
/home/airflowclinicos/.local/lib/python3.6/site-packages/airflow/example_dags/example_bash_operator.py                                             1           0  0.20s           2023-06-28T21:13:02
/home/airflowclinicos/.local/lib/python3.6/site-packages/airflow/example_dags/example_latest_only_with_trigger.py                                  1           0  0.20s           2023-06-28T21:13:21
/home/airflowclinicos/.local/lib/python3.6/site-packages/airflow/example_dags/example_passing_params_via_test_command.py                           1           0  0.20s           2023-06-28T21:13:22
/home/airflowclinicos/.local/lib/python3.6/site-packages/airflow/example_dags/example_complex.py                                                   1           0  0.10s           2023-06-28T21:13:23
/home/airflowclinicos/.local/lib/python3.6/site-packages/airflow/example_dags/tutorial.py                                                          1           0  0.11s           2023-06-28T21:13:07
/home/airflowclinicos/.local/lib/python3.6/site-packages/airflow/example_dags/example_nested_branch_dag.py                                         1           0  0.20s           2023-06-28T21:13:24
/home/airflowclinicos/.local/lib/python3.6/site-packages/airflow/example_dags/example_xcom.py                                                      1           0  0.40s           2023-06-28T21:13:07
/home/airflowclinicos/.local/lib/python3.6/site-packages/airflow/example_dags/example_latest_only.py                                               1           0  0.10s           2023-06-28T21:13:26
/home/airflowclinicos/.local/lib/python3.6/site-packages/airflow/example_dags/tutorial_taskflow_api_etl.py                                         1           0  0.41s           2023-06-28T21:13:10
/home/airflowclinicos/.local/lib/python3.6/site-packages/airflow/example_dags/example_branch_day_of_week_operator.py                               1           0  0.20s           2023-06-28T21:13:03
/home/airflowclinicos/.local/lib/python3.6/site-packages/airflow/example_dags/example_task_group_decorator.py                                      1           0  0.50s           2023-06-28T21:13:28
/home/airflowclinicos/.local/lib/python3.6/site-packages/airflow/example_dags/example_sla_dag.py                                                   1           0  0.21s           2023-06-28T21:13:29
/home/airflowclinicos/.local/lib/python3.6/site-packages/airflow/example_dags/example_task_group.py                                                1           0  0.11s           2023-06-28T21:13:30
/home/airflowclinicos/.local/lib/python3.6/site-packages/airflow/example_dags/example_short_circuit_operator.py                                    1           0  0.10s           2023-06-28T21:13:31
/home/airflowclinicos/.local/lib/python3.6/site-packages/airflow/example_dags/example_trigger_controller_dag.py                                    1           0  0.11s           2023-06-28T21:12:56
/home/airflowclinicos/.local/lib/python3.6/site-packages/airflow/example_dags/example_branch_datetime_operator.py                                  1           0  0.10s           2023-06-28T21:13:04
/home/airflowclinicos/.local/lib/python3.6/site-packages/airflow/example_dags/example_branch_operator.py                                           1           0  0.10s           2023-06-28T21:12:59
/home/airflowclinicos/.local/lib/python3.6/site-packages/airflow/example_dags/tutorial_etl_dag.py                                                  1           0  0.11s           2023-06-28T21:13:12
/home/airflowclinicos/.local/lib/python3.6/site-packages/airflow/example_dags/example_skip_dag.py                                                  1           0  0.10s           2023-06-28T21:13:00
/home/airflowclinicos/.local/lib/python3.6/site-packages/airflow/example_dags/example_xcomargs.py                                                  2           0  0.40s           2023-06-28T21:13:09
/home/airflowclinicos/.local/lib/python3.6/site-packages/airflow/example_dags/example_external_task_marker_dag.py                                  2           0  0.20s           2023-06-28T21:13:25
/home/airflowclinicos/.local/lib/python3.6/site-packages/airflow/example_dags/example_subdag_operator.py                                           3           0  0.20s           2023-06-28T21:12:58
================================================================================
[2023-06-28 21:13:33,524] {manager.py:1106} INFO - Finding 'running' jobs without a recent heartbeat
[2023-06-28 21:13:33,525] {manager.py:1110} INFO - Failing jobs without heartbeat after 2023-06-28 21:08:33.525170+00:00
[2023-06-28 21:13:43,837] {manager.py:1106} INFO - Finding 'running' jobs without a recent heartbeat
[2023-06-28 21:13:43,837] {manager.py:1110} INFO - Failing jobs without heartbeat after 2023-06-28 21:08:43.837849+00:00
[2023-07-03 03:30:01,771] {manager.py:498} INFO - Exiting gracefully upon receiving signal 15
