[2023-06-28 21:12:33,693] {processor.py:163} INFO - Started process (PID=11259) to work on /home/airflowclinicos/.local/lib/python3.6/site-packages/airflow/example_dags/example_xcom.py
[2023-06-28 21:12:33,693] {processor.py:642} INFO - Processing file /home/airflowclinicos/.local/lib/python3.6/site-packages/airflow/example_dags/example_xcom.py for tasks to queue
[2023-06-28 21:12:33,694] {logging_mixin.py:109} INFO - [2023-06-28 21:12:33,694] {dagbag.py:500} INFO - Filling up the DagBag from /home/airflowclinicos/.local/lib/python3.6/site-packages/airflow/example_dags/example_xcom.py
[2023-06-28 21:12:33,730] {processor.py:652} INFO - DAG(s) dict_keys(['example_xcom']) retrieved from /home/airflowclinicos/.local/lib/python3.6/site-packages/airflow/example_dags/example_xcom.py
[2023-06-28 21:12:33,747] {logging_mixin.py:109} INFO - [2023-06-28 21:12:33,747] {dag.py:2398} INFO - Sync 1 DAGs
[2023-06-28 21:12:33,777] {logging_mixin.py:109} INFO - [2023-06-28 21:12:33,777] {dag.py:2937} INFO - Setting next_dagrun for example_xcom to 2021-01-01T00:00:00+00:00
[2023-06-28 21:12:33,797] {processor.py:171} INFO - Processing /home/airflowclinicos/.local/lib/python3.6/site-packages/airflow/example_dags/example_xcom.py took 0.106 seconds
[2023-06-28 21:13:07,273] {processor.py:163} INFO - Started process (PID=11803) to work on /home/airflowclinicos/.local/lib/python3.6/site-packages/airflow/example_dags/example_xcom.py
[2023-06-28 21:13:07,286] {processor.py:642} INFO - Processing file /home/airflowclinicos/.local/lib/python3.6/site-packages/airflow/example_dags/example_xcom.py for tasks to queue
[2023-06-28 21:13:07,286] {logging_mixin.py:109} INFO - [2023-06-28 21:13:07,286] {dagbag.py:500} INFO - Filling up the DagBag from /home/airflowclinicos/.local/lib/python3.6/site-packages/airflow/example_dags/example_xcom.py
[2023-06-28 21:13:07,315] {processor.py:652} INFO - DAG(s) dict_keys(['example_xcom']) retrieved from /home/airflowclinicos/.local/lib/python3.6/site-packages/airflow/example_dags/example_xcom.py
[2023-06-28 21:13:07,616] {logging_mixin.py:109} INFO - [2023-06-28 21:13:07,615] {dag.py:2398} INFO - Sync 1 DAGs
[2023-06-28 21:13:07,626] {logging_mixin.py:109} INFO - [2023-06-28 21:13:07,626] {dag.py:2937} INFO - Setting next_dagrun for example_xcom to 2021-01-01T00:00:00+00:00
[2023-06-28 21:13:07,656] {processor.py:171} INFO - Processing /home/airflowclinicos/.local/lib/python3.6/site-packages/airflow/example_dags/example_xcom.py took 0.385 seconds
[2023-06-28 21:13:39,995] {processor.py:163} INFO - Started process (PID=12343) to work on /home/airflowclinicos/.local/lib/python3.6/site-packages/airflow/example_dags/example_xcom.py
[2023-06-28 21:13:39,996] {processor.py:642} INFO - Processing file /home/airflowclinicos/.local/lib/python3.6/site-packages/airflow/example_dags/example_xcom.py for tasks to queue
[2023-06-28 21:13:40,001] {logging_mixin.py:109} INFO - [2023-06-28 21:13:40,000] {dagbag.py:500} INFO - Filling up the DagBag from /home/airflowclinicos/.local/lib/python3.6/site-packages/airflow/example_dags/example_xcom.py
[2023-06-28 21:13:40,025] {processor.py:652} INFO - DAG(s) dict_keys(['example_xcom']) retrieved from /home/airflowclinicos/.local/lib/python3.6/site-packages/airflow/example_dags/example_xcom.py
[2023-06-28 21:13:40,314] {logging_mixin.py:109} INFO - [2023-06-28 21:13:40,314] {dag.py:2398} INFO - Sync 1 DAGs
[2023-06-28 21:13:40,324] {logging_mixin.py:109} INFO - [2023-06-28 21:13:40,324] {dag.py:2937} INFO - Setting next_dagrun for example_xcom to 2021-01-01T00:00:00+00:00
[2023-06-28 21:13:40,350] {processor.py:171} INFO - Processing /home/airflowclinicos/.local/lib/python3.6/site-packages/airflow/example_dags/example_xcom.py took 0.357 seconds
